<?xml version="1.0" encoding="UTF-8"?>
<!-- Generated by org.testng.reporters.JUnitReportReporter -->
<testsuite hostname="Khosuzs-MBP.lan" failures="0" tests="6" name="com.pageTest.Component_2_Test" time="17.058" errors="0" timestamp="2021-01-10T17:47:35 EST" skipped="0">
  <testcase classname="com.pageTest.Component_2_Test" name="clicToRemoveButtonTest" time="3.370"/>
  <system-out/>
  <testcase classname="com.pageTest.Component_2_Test" name="selectLisItemtInVisiblilityTest" time="2.959"/>
  <system-out/>
  <testcase classname="com.pageTest.Component_2_Test" name="displayItemsTest" time="2.503"/>
  <system-out/>
  <testcase classname="com.pageTest.Component_2_Test" name="selectListVisiblilityTest" time="2.657"/>
  <system-out/>
  <testcase classname="com.pageTest.Component_2_Test" name="pageTitleTest" time="3.169"/>
  <system-out/>
  <testcase classname="com.pageTest.Component_2_Test" name="clickToAddButtonTest" time="2.400"/>
  <system-out/>
</testsuite> <!-- com.pageTest.Component_2_Test -->
