<?xml version="1.0" encoding="UTF-8"?>
<!-- Generated by org.testng.reporters.JUnitReportReporter -->
<testsuite hostname="Khosuzs-MBP.lan" failures="0" tests="1" name="click.table" time="3.482" errors="0" timestamp="2021-01-10T12:30:20 EST" skipped="0">
  <testcase classname="click.table" name="firstRowDaa" time="3.482"/>
  <system-out/>
</testsuite> <!-- click.table -->
