<?xml version="1.0" encoding="UTF-8"?>
<!-- Generated by org.testng.reporters.JUnitReportReporter -->
<testsuite hostname="Khosuzs-MBP.lan" failures="0" tests="1" name="click.table2" time="3.120" errors="0" timestamp="2021-01-09T20:54:14 EST" skipped="0">
  <testcase classname="click.table2" name="firstcolValue" time="3.120"/>
  <system-out/>
</testsuite> <!-- click.table2 -->
