<?xml version="1.0" encoding="UTF-8"?>
<!-- Generated by org.testng.reporters.JUnitReportReporter -->
<testsuite hostname="Khosuzs-MBP.lan" failures="0" tests="1" name="click.test3" time="3.600" errors="0" timestamp="2021-01-09T18:22:55 EST" skipped="0">
  <testcase classname="click.test3" name="displayValues" time="3.600"/>
  <system-out/>
</testsuite> <!-- click.test3 -->
