<?xml version="1.0" encoding="UTF-8"?>
<!-- Generated by org.testng.reporters.JUnitReportReporter -->
<testsuite skipped="0" hostname="Khosuzs-MBP.lan" name="click.test2" tests="2" failures="0" timestamp="2021-01-08T22:49:33 EST" time="11.512" errors="0">
  <testcase name="displayValues" time="6.643" classname="click.test2"/>
  <system-out/>
  <testcase name="selectMultipleItems" time="4.869" classname="click.test2"/>
  <system-out/>
</testsuite> <!-- click.test2 -->
