<?xml version="1.0" encoding="UTF-8"?>
<!-- Generated by org.testng.reporters.JUnitReportReporter -->
<testsuite hostname="Khosuzs-MBP.lan" failures="0" tests="1" name="click.test1" time="3.271" errors="0" timestamp="2021-01-10T14:27:43 EST" skipped="0">
  <testcase classname="click.test1" name="displayValues" time="3.271"/>
  <system-out/>
</testsuite> <!-- click.test1 -->
