<?xml version="1.0" encoding="UTF-8"?>
<!-- Generated by org.testng.reporters.JUnitReportReporter -->
<testsuite hostname="Khosuzs-MBP.lan" failures="0" tests="5" name="com.pageTest.Component_3_Test" time="16.937" errors="0" timestamp="2021-01-10T17:47:35 EST" skipped="0">
  <testcase classname="com.pageTest.Component_3_Test" name="firstRowDataTest" time="8.083"/>
  <system-out/>
  <testcase classname="com.pageTest.Component_3_Test" name="getFirstColumnDataTest" time="2.235"/>
  <system-out/>
  <testcase classname="com.pageTest.Component_3_Test" name="totalRowsAndColumnTest" time="2.294"/>
  <system-out/>
  <testcase classname="com.pageTest.Component_3_Test" name="availableDataTest" time="2.274"/>
  <system-out/>
  <testcase classname="com.pageTest.Component_3_Test" name="pageTitleTest" time="2.051"/>
  <system-out/>
</testsuite> <!-- com.pageTest.Component_3_Test -->
