<?xml version="1.0" encoding="UTF-8"?>
<!-- Generated by org.testng.reporters.JUnitReportReporter -->
<testsuite skipped="0" hostname="Khosuzs-MBP.lan" name="click.LibraryTest" tests="1" failures="0" timestamp="2021-01-08T22:37:58 EST" time="3.780" errors="0">
  <testcase name="removeds" time="3.780" classname="click.LibraryTest"/>
  <system-out/>
</testsuite> <!-- click.LibraryTest -->
