<?xml version="1.0" encoding="UTF-8"?>
<!-- Generated by org.testng.reporters.JUnitReportReporter -->
<testsuite skipped="0" hostname="Khosuzs-MBP.lan" name="com.pageTes.Component_1_Test" tests="1" failures="0" timestamp="2021-01-08T19:45:28 EST" time="3.312" errors="0">
  <testcase name="displayTitleTest" time="3.312" classname="com.pageTes.Component_1_Test"/>
  <system-out/>
</testsuite> <!-- com.pageTes.Component_1_Test -->
