<?xml version="1.0" encoding="UTF-8"?>
<!-- Generated by org.testng.reporters.JUnitReportReporter -->
<testsuite skipped="0" hostname="Khosuzs-MBP.lan" name="com.Automation.AutomationSuitOfIndex.LibraryTest" tests="1" failures="0" timestamp="2021-01-08T18:49:19 EST" time="0.015" errors="0">
  <testcase name="te" time="0.015" classname="com.Automation.AutomationSuitOfIndex.LibraryTest"/>
  <system-out/>
</testsuite> <!-- com.Automation.AutomationSuitOfIndex.LibraryTest -->
