<?xml version="1.0" encoding="UTF-8"?>
<!-- Generated by org.testng.reporters.JUnitReportReporter -->
<testsuite hostname="Khosuzs-MBP.lan" failures="0" tests="10" name="com.pageTest.Component_1_Test" time="24.493" errors="0" timestamp="2021-01-10T17:47:35 EST" skipped="0">
  <testcase classname="com.pageTest.Component_1_Test" name="pageTitleTest" time="2.394"/>
  <system-out/>
  <testcase classname="com.pageTest.Component_1_Test" name="clearTheBoxTest" time="2.067"/>
  <system-out/>
  <testcase classname="com.pageTest.Component_1_Test" name="setNewValueTest" time="2.417"/>
  <system-out/>
  <testcase classname="com.pageTest.Component_1_Test" name="setNewValueTest" time="2.505"/>
  <system-out/>
  <testcase classname="com.pageTest.Component_1_Test" name="setNewValueTest" time="2.420"/>
  <system-out/>
  <testcase classname="com.pageTest.Component_1_Test" name="setNewValueTest" time="2.309"/>
  <system-out/>
  <testcase classname="com.pageTest.Component_1_Test" name="displayTitleDataTest" time="2.788"/>
  <system-out/>
  <testcase classname="com.pageTest.Component_1_Test" name="displayTitleDataTest" time="2.700"/>
  <system-out/>
  <testcase classname="com.pageTest.Component_1_Test" name="displayTitleDataTest" time="2.469"/>
  <system-out/>
  <testcase classname="com.pageTest.Component_1_Test" name="displayTitleDataTest" time="2.424"/>
  <system-out/>
</testsuite> <!-- com.pageTest.Component_1_Test -->
