<?xml version="1.0" encoding="UTF-8"?>
<!-- Generated by org.testng.reporters.JUnitReportReporter -->
<testsuite hostname="Khosuzs-MBP.lan" failures="0" tests="1" name="com.Automation.AutomationSuitOfIndex.AppTest" time="0.002" errors="0" timestamp="2021-01-08T20:09:35 EST" skipped="0">
  <testcase classname="com.Automation.AutomationSuitOfIndex.AppTest" name="shouldAnswerWithTrue" time="0.002"/>
  <system-out/>
</testsuite> <!-- com.Automation.AutomationSuitOfIndex.AppTest -->
