<?xml version="1.0" encoding="UTF-8"?>
<!-- Generated by org.testng.reporters.JUnitReportReporter -->
<testsuite hostname="Khosuzs-MBP.lan" failures="0" tests="1" name="com.Automation.AutomationSuitOfIndex.LibraryTest" time="0.001" errors="0" timestamp="2021-01-08T20:09:35 EST" skipped="0">
  <testcase classname="com.Automation.AutomationSuitOfIndex.LibraryTest" name="te" time="0.001"/>
  <system-out/>
</testsuite> <!-- com.Automation.AutomationSuitOfIndex.LibraryTest -->
