<?xml version="1.0" encoding="UTF-8"?>
<!-- Generated by org.testng.reporters.JUnitReportReporter -->
<testsuite hostname="Khosuzs-MBP.lan" failures="0" tests="4" name="com.pageTes.Component_1_Test" time="9.743" errors="0" timestamp="2021-01-08T20:09:35 EST" skipped="0">
  <testcase classname="com.pageTes.Component_1_Test" name="pageTitleTest" time="2.940"/>
  <system-out/>
  <testcase classname="com.pageTes.Component_1_Test" name="clearTheBoxTest" time="1.880"/>
  <system-out/>
  <testcase classname="com.pageTes.Component_1_Test" name="setNewValueTest" time="2.470"/>
  <system-out/>
  <testcase classname="com.pageTes.Component_1_Test" name="displayTitleTest" time="2.453"/>
  <system-out/>
</testsuite> <!-- com.pageTes.Component_1_Test -->
